# JRE version: OpenJDK Runtime Environment (8.0_121-b13) (build 1.8.0_121-8u121-b13-4-b13)
# Java VM: OpenJDK 64-Bit Server VM (25.121-b13 mixed mode linux-amd64 compressed oops)
Heap:
 PSYoungGen      total 113664K, used 6813K [0x00000000f5980000, 0x00000000fd180000, 0x0000000100000000)
  eden space 104448K, 0% used [0x00000000f5980000,0x00000000f5980000,0x00000000fbf80000)
  from space 9216K, 73% used [0x00000000fbf80000,0x00000000fc627680,0x00000000fc880000)
  to   space 9216K, 0% used [0x00000000fc880000,0x00000000fc880000,0x00000000fd180000)
 ParOldGen       total 26112K, used 12208K [0x00000000e0c00000, 0x00000000e2580000, 0x00000000f5980000)
  object space 26112K, 46% used [0x00000000e0c00000,0x00000000e17ec0c0,0x00000000e2580000)
 Metaspace       used 24802K, capacity 25092K, committed 25216K, reserved 1071104K
  class space    used 3073K, capacity 3158K, committed 3200K, reserved 1048576K
GC Heap History (10 events):
Event: 1,982 GC heap after
Heap after GC invocations=7 (full 0):
 PSYoungGen      total 38400K, used 5113K [0x00000000f5980000, 0x00000000fa880000, 0x0000000100000000)
  eden space 33280K, 0% used [0x00000000f5980000,0x00000000f5980000,0x00000000f7a00000)
  from space 5120K, 99% used [0x00000000f7a00000,0x00000000f7efe410,0x00000000f7f00000)
  to   space 7168K, 0% used [0x00000000fa180000,0x00000000fa180000,0x00000000fa880000)
 ParOldGen       total 22016K, used 9742K [0x00000000e0c00000, 0x00000000e2180000, 0x00000000f5980000)
  object space 22016K, 44% used [0x00000000e0c00000,0x00000000e1583aa0,0x00000000e2180000)
 Metaspace       used 15418K, capacity 15600K, committed 15744K, reserved 1062912K
  class space    used 1850K, capacity 1896K, committed 1920K, reserved 1048576K
}
Event: 2,385 GC heap before
{Heap before GC invocations=8 (full 0):
 PSYoungGen      total 38400K, used 38393K [0x00000000f5980000, 0x00000000fa880000, 0x0000000100000000)
  eden space 33280K, 100% used [0x00000000f5980000,0x00000000f7a00000,0x00000000f7a00000)
  from space 5120K, 99% used [0x00000000f7a00000,0x00000000f7efe410,0x00000000f7f00000)
  to   space 7168K, 0% used [0x00000000fa180000,0x00000000fa180000,0x00000000fa880000)
 ParOldGen       total 22016K, used 9742K [0x00000000e0c00000, 0x00000000e2180000, 0x00000000f5980000)
  object space 22016K, 44% used [0x00000000e0c00000,0x00000000e1583aa0,0x00000000e2180000)
 Metaspace       used 18007K, capacity 18232K, committed 18432K, reserved 1064960K
  class space    used 2176K, capacity 2258K, committed 2304K, reserved 1048576K
Event: 2,392 GC heap after
Heap after GC invocations=8 (full 0):
 PSYoungGen      total 72192K, used 7159K [0x00000000f5980000, 0x00000000fab80000, 0x0000000100000000)
  eden space 65024K, 0% used [0x00000000f5980000,0x00000000f5980000,0x00000000f9900000)
  from space 7168K, 99% used [0x00000000fa180000,0x00000000fa87dd90,0x00000000fa880000)
  to   space 8704K, 0% used [0x00000000f9900000,0x00000000f9900000,0x00000000fa180000)
 ParOldGen       total 22016K, used 10307K [0x00000000e0c00000, 0x00000000e2180000, 0x00000000f5980000)
  object space 22016K, 46% used [0x00000000e0c00000,0x00000000e1610d78,0x00000000e2180000)
 Metaspace       used 18007K, capacity 18232K, committed 18432K, reserved 1064960K
  class space    used 2176K, capacity 2258K, committed 2304K, reserved 1048576K
}
Event: 3,132 GC heap before
{Heap before GC invocations=9 (full 0):
 PSYoungGen      total 72192K, used 72183K [0x00000000f5980000, 0x00000000fab80000, 0x0000000100000000)
  eden space 65024K, 100% used [0x00000000f5980000,0x00000000f9900000,0x00000000f9900000)
  from space 7168K, 99% used [0x00000000fa180000,0x00000000fa87dd90,0x00000000fa880000)
  to   space 8704K, 0% used [0x00000000f9900000,0x00000000f9900000,0x00000000fa180000)
 ParOldGen       total 22016K, used 10307K [0x00000000e0c00000, 0x00000000e2180000, 0x00000000f5980000)
  object space 22016K, 46% used [0x00000000e0c00000,0x00000000e1610d78,0x00000000e2180000)
 Metaspace       used 19670K, capacity 19946K, committed 20224K, reserved 1067008K
  class space    used 2406K, capacity 2503K, committed 2560K, reserved 1048576K
Event: 3,165 GC heap after
Heap after GC invocations=9 (full 0):
 PSYoungGen      total 73728K, used 6623K [0x00000000f5980000, 0x00000000fd180000, 0x0000000100000000)
  eden space 65024K, 0% used [0x00000000f5980000,0x00000000f5980000,0x00000000f9900000)
  from space 8704K, 76% used [0x00000000f9900000,0x00000000f9f77d40,0x00000000fa180000)
  to   space 9216K, 0% used [0x00000000fc880000,0x00000000fc880000,0x00000000fd180000)
 ParOldGen       total 22016K, used 13139K [0x00000000e0c00000, 0x00000000e2180000, 0x00000000f5980000)
  object space 22016K, 59% used [0x00000000e0c00000,0x00000000e18d4fc8,0x00000000e2180000)
 Metaspace       used 19670K, capacity 19946K, committed 20224K, reserved 1067008K
  class space    used 2406K, capacity 2503K, committed 2560K, reserved 1048576K
}
Event: 3,473 GC heap before
{Heap before GC invocations=10 (full 0):
 PSYoungGen      total 73728K, used 29448K [0x00000000f5980000, 0x00000000fd180000, 0x0000000100000000)
  eden space 65024K, 35% used [0x00000000f5980000,0x00000000f6fca4d0,0x00000000f9900000)
  from space 8704K, 76% used [0x00000000f9900000,0x00000000f9f77d40,0x00000000fa180000)
  to   space 9216K, 0% used [0x00000000fc880000,0x00000000fc880000,0x00000000fd180000)
 ParOldGen       total 22016K, used 13139K [0x00000000e0c00000, 0x00000000e2180000, 0x00000000f5980000)
  object space 22016K, 59% used [0x00000000e0c00000,0x00000000e18d4fc8,0x00000000e2180000)
 Metaspace       used 20869K, capacity 21130K, committed 21296K, reserved 1069056K
  class space    used 2585K, capacity 2663K, committed 2688K, reserved 1048576K
Event: 3,480 GC heap after
Heap after GC invocations=10 (full 0):
 PSYoungGen      total 113664K, used 3209K [0x00000000f5980000, 0x00000000fd180000, 0x0000000100000000)
  eden space 104448K, 0% used [0x00000000f5980000,0x00000000f5980000,0x00000000fbf80000)
  from space 9216K, 34% used [0x00000000fc880000,0x00000000fcba27d8,0x00000000fd180000)
  to   space 9216K, 0% used [0x00000000fbf80000,0x00000000fbf80000,0x00000000fc880000)
 ParOldGen       total 22016K, used 16118K [0x00000000e0c00000, 0x00000000e2180000, 0x00000000f5980000)
  object space 22016K, 73% used [0x00000000e0c00000,0x00000000e1bbda20,0x00000000e2180000)
 Metaspace       used 20869K, capacity 21130K, committed 21296K, reserved 1069056K
  class space    used 2585K, capacity 2663K, committed 2688K, reserved 1048576K
}
Event: 3,480 GC heap before
{Heap before GC invocations=11 (full 1):
 PSYoungGen      total 113664K, used 3209K [0x00000000f5980000, 0x00000000fd180000, 0x0000000100000000)
  eden space 104448K, 0% used [0x00000000f5980000,0x00000000f5980000,0x00000000fbf80000)
  from space 9216K, 34% used [0x00000000fc880000,0x00000000fcba27d8,0x00000000fd180000)
  to   space 9216K, 0% used [0x00000000fbf80000,0x00000000fbf80000,0x00000000fc880000)
 ParOldGen       total 22016K, used 16118K [0x00000000e0c00000, 0x00000000e2180000, 0x00000000f5980000)
  object space 22016K, 73% used [0x00000000e0c00000,0x00000000e1bbda20,0x00000000e2180000)
 Metaspace       used 20869K, capacity 21130K, committed 21296K, reserved 1069056K
  class space    used 2585K, capacity 2663K, committed 2688K, reserved 1048576K
Event: 3,531 GC heap after
Heap after GC invocations=11 (full 1):
 PSYoungGen      total 113664K, used 0K [0x00000000f5980000, 0x00000000fd180000, 0x0000000100000000)
  eden space 104448K, 0% used [0x00000000f5980000,0x00000000f5980000,0x00000000fbf80000)
  from space 9216K, 0% used [0x00000000fc880000,0x00000000fc880000,0x00000000fd180000)
  to   space 9216K, 0% used [0x00000000fbf80000,0x00000000fbf80000,0x00000000fc880000)
 ParOldGen       total 26112K, used 12200K [0x00000000e0c00000, 0x00000000e2580000, 0x00000000f5980000)
  object space 26112K, 46% used [0x00000000e0c00000,0x00000000e17ea0c0,0x00000000e2580000)
 Metaspace       used 20869K, capacity 21130K, committed 21296K, reserved 1069056K
  class space    used 2585K, capacity 2663K, committed 2688K, reserved 1048576K
}
Event: 4,502 GC heap before
{Heap before GC invocations=12 (full 1):
 PSYoungGen      total 113664K, used 104416K [0x00000000f5980000, 0x00000000fd180000, 0x0000000100000000)
  eden space 104448K, 99% used [0x00000000f5980000,0x00000000fbf783f0,0x00000000fbf80000)
  from space 9216K, 0% used [0x00000000fc880000,0x00000000fc880000,0x00000000fd180000)
  to   space 9216K, 0% used [0x00000000fbf80000,0x00000000fbf80000,0x00000000fc880000)
 ParOldGen       total 26112K, used 12200K [0x00000000e0c00000, 0x00000000e2580000, 0x00000000f5980000)
  object space 26112K, 46% used [0x00000000e0c00000,0x00000000e17ea0c0,0x00000000e2580000)
 Metaspace       used 24802K, capacity 25092K, committed 25216K, reserved 1071104K
  class space    used 3073K, capacity 3158K, committed 3200K, reserved 1048576K

